SF:lib/error/cache_error.dart
DA:4,2
DA:6,1
DA:7,1
DA:10,0
DA:11,0
DA:14,1
DA:20,1
DA:26,1
DA:32,0
LF:9
LH:6
end_of_record
SF:lib/error/error_chain.dart
DA:8,1
LF:1
LH:1
end_of_record
SF:lib/error/network_error.dart
DA:12,1
DA:18,0
DA:19,0
DA:22,1
LF:4
LH:2
end_of_record
SF:lib/error/parsing_error.dart
DA:7,1
DA:12,1
DA:13,3
LF:3
LH:3
end_of_record
SF:lib/model/response.dart
DA:16,1
DA:21,1
DA:26,3
DA:33,1
DA:35,1
DA:40,2
LF:6
LH:6
end_of_record
SF:lib/model/response_meta_information.dart
DA:10,0
DA:15,0
DA:22,1
DA:24,0
DA:29,0
LF:5
LH:1
end_of_record
SF:lib/read_request.dart
DA:13,1
DA:39,1
DA:49,1
DA:50,3
DA:51,2
DA:52,2
DA:54,3
DA:56,1
DA:58,1
DA:59,1
DA:60,1
DA:61,1
DA:65,1
DA:67,1
DA:68,1
DA:70,1
DA:75,1
DA:76,1
DA:77,1
DA:78,1
DA:82,1
DA:88,0
DA:90,0
DA:91,0
DA:93,0
DA:94,0
DA:95,0
DA:101,1
DA:102,1
DA:103,2
DA:105,2
DA:109,1
DA:113,3
DA:114,1
DA:115,2
DA:116,1
DA:118,1
DA:123,2
DA:125,1
DA:127,1
DA:131,1
DA:132,1
DA:133,1
DA:139,1
DA:141,1
DA:143,3
DA:145,2
DA:147,1
DA:148,1
DA:149,1
DA:151,1
DA:154,1
DA:155,1
DA:156,1
DA:163,2
DA:165,1
DA:166,2
DA:168,1
DA:170,1
DA:171,1
DA:172,1
DA:176,1
DA:177,1
DA:178,1
DA:185,3
LF:65
LH:59
end_of_record
SF:lib/error/error.dart
DA:2,2
LF:1
LH:1
end_of_record
