SF:lib/src/model/response.dart
DA:13,0
DA:14,0
DA:17,0
DA:21,0
DA:22,0
DA:25,0
DA:35,1
DA:40,0
DA:45,0
DA:48,0
DA:51,0
DA:56,1
DA:57,1
DA:59,1
DA:67,0
DA:69,0
DA:74,0
DA:77,0
DA:80,0
LF:19
LH:4
end_of_record
SF:lib/src/error/cache_error.dart
DA:4,1
DA:6,0
DA:7,0
DA:10,0
DA:11,0
DA:14,0
DA:20,1
DA:26,0
DA:32,0
LF:9
LH:2
end_of_record
SF:lib/src/error/error.dart
DA:2,1
LF:1
LH:1
end_of_record
SF:lib/src/error/error_chain.dart
DA:8,0
LF:1
LH:0
end_of_record
SF:lib/src/error/network_error.dart
DA:12,0
DA:18,0
DA:19,0
LF:3
LH:0
end_of_record
SF:lib/src/error/parsing_error.dart
DA:7,0
DA:12,0
DA:13,0
LF:3
LH:0
end_of_record
SF:lib/src/model/response_meta_information.dart
DA:10,0
DA:15,0
DA:22,1
DA:24,0
DA:29,0
LF:5
LH:1
end_of_record
SF:lib/src/network_logic.dart
DA:20,0
DA:26,0
DA:35,0
DA:37,0
DA:39,0
DA:43,0
DA:44,0
DA:47,0
LF:8
LH:0
end_of_record
SF:lib/src/read_request.dart
DA:36,0
DA:46,0
DA:47,0
DA:48,0
DA:49,0
DA:51,0
DA:53,0
DA:55,0
DA:56,0
DA:57,0
DA:58,0
DA:62,0
DA:64,0
DA:65,0
DA:67,0
DA:72,0
DA:73,0
DA:74,0
DA:75,0
DA:79,0
DA:85,0
DA:87,0
DA:88,0
DA:90,0
DA:91,0
DA:92,0
DA:98,0
DA:99,0
DA:100,0
DA:102,0
DA:106,0
DA:110,0
DA:111,0
DA:112,0
DA:113,0
DA:115,0
DA:120,0
DA:122,0
DA:124,0
DA:128,0
DA:129,0
DA:130,0
DA:136,0
DA:138,0
DA:140,0
DA:142,0
DA:144,0
DA:145,0
DA:146,0
DA:148,0
DA:151,0
DA:152,0
DA:153,0
DA:160,0
DA:162,0
DA:163,0
DA:166,0
DA:168,0
DA:169,0
DA:170,0
DA:174,0
DA:175,0
DA:176,0
DA:183,0
LF:64
LH:0
end_of_record
